============================================================
Time  2017/06/18 15:17:53 976 
============================================================
[2017/06/18 15:17:53 977] isr        1659 isr loaded!  
[2017/06/18 15:17:53 977] isr        1642 SYS_MSG_REGCB param0 =   msp_status_cb  param1 =   func(ac02cb60) 
[2017/06/18 15:17:53 977] isr        1537 ASR_MSG_SSB  
[2017/06/18 15:17:53 977] isr        1066 session_begin() [in], params:   sub = iat, domain = iat, language = zh_cn, accent = mandarin, sample_rate = 16000, result_type = plain, result_encoding = utf8  nil  
[2017/06/18 15:17:53 977] isr        927  vad_set [in]  
[2017/06/18 15:17:53 977] isr        962  vad_enable :  true  
[2017/06/18 15:17:53 977] isr        980  vad_bos :  10000  
[2017/06/18 15:17:53 978] isr        981  vad_eos :  2000  
[2017/06/18 15:17:53 978] isr        886  enable_vad [in]  
[2017/06/18 15:17:53 979] isr        918  vad enabled!  2000  10000  
[2017/06/18 15:17:53 979] isr        921  enable_vad [out]  
[2017/06/18 15:17:53 979] isr        987  vad_set [out] | ret =  0  
[2017/06/18 15:17:53 979] isr        1187 cur_engine_type =   cloud  
[2017/06/18 15:17:53 979] isr        1001 cloud_session_begin  
[2017/06/18 15:17:53 979] isr        1013 standard  
[2017/06/18 15:17:53 983] isr        1547 ASR_MSG_AUW,   cloud  
[2017/06/18 15:17:53 983] isr        1559 6400  1  
[2017/06/18 15:17:53 983] isr        1569 once_bytes:   6400  
[2017/06/18 15:17:53 986] isr        851  [aud] speech start  
[2017/06/18 15:17:53 987] isr        798  1  msc  
[2017/06/18 15:17:54 183] isr        1547 ASR_MSG_AUW,   cloud  
[2017/06/18 15:17:54 183] isr        1559 6400  2  
[2017/06/18 15:17:54 238] isr        700  cloud_status_cb, eps:  1  
[2017/06/18 15:17:54 238] isr        798  1  cloud  
[2017/06/18 15:17:54 238] isr        813  cloud eps ignored  
[2017/06/18 15:17:54 383] isr        1547 ASR_MSG_AUW,   cloud  
[2017/06/18 15:17:54 383] isr        1559 6400  2  
[2017/06/18 15:17:54 584] isr        1547 ASR_MSG_AUW,   cloud  
[2017/06/18 15:17:54 584] isr        1559 6400  2  
[2017/06/18 15:17:54 784] isr        1547 ASR_MSG_AUW,   cloud  
[2017/06/18 15:17:54 784] isr        1559 6400  2  
[2017/06/18 15:17:54 984] isr        1547 ASR_MSG_AUW,   cloud  
[2017/06/18 15:17:54 985] isr        1559 6400  2  
[2017/06/18 15:17:55 185] isr        1547 ASR_MSG_AUW,   cloud  
[2017/06/18 15:17:55 185] isr        1559 6400  2  
[2017/06/18 15:17:55 385] isr        1547 ASR_MSG_AUW,   cloud  
[2017/06/18 15:17:55 385] isr        1559 6400  2  
[2017/06/18 15:17:55 586] isr        1547 ASR_MSG_AUW,   cloud  
[2017/06/18 15:17:55 586] isr        1559 6400  2  
[2017/06/18 15:17:55 786] isr        1547 ASR_MSG_AUW,   cloud  
[2017/06/18 15:17:55 786] isr        1559 6400  2  
[2017/06/18 15:17:55 987] isr        1547 ASR_MSG_AUW,   cloud  
[2017/06/18 15:17:55 987] isr        1559 6400  2  
[2017/06/18 15:17:56 187] isr        1547 ASR_MSG_AUW,   cloud  
[2017/06/18 15:17:56 187] isr        1559 6400  2  
[2017/06/18 15:17:56 388] isr        1547 ASR_MSG_AUW,   cloud  
[2017/06/18 15:17:56 388] isr        1559 6400  2  
[2017/06/18 15:17:56 588] isr        1547 ASR_MSG_AUW,   cloud  
[2017/06/18 15:17:56 588] isr        1559 6400  2  
[2017/06/18 15:17:56 788] isr        1547 ASR_MSG_AUW,   cloud  
[2017/06/18 15:17:56 788] isr        1559 6400  2  
[2017/06/18 15:17:56 989] isr        1547 ASR_MSG_AUW,   cloud  
[2017/06/18 15:17:56 989] isr        1559 6400  2  
[2017/06/18 15:17:57 189] isr        1547 ASR_MSG_AUW,   cloud  
[2017/06/18 15:17:57 189] isr        1559 6400  2  
[2017/06/18 15:17:57 390] isr        1547 ASR_MSG_AUW,   cloud  
[2017/06/18 15:17:57 390] isr        1559 6400  2  
[2017/06/18 15:17:57 590] isr        1547 ASR_MSG_AUW,   cloud  
[2017/06/18 15:17:57 590] isr        1559 6400  2  
[2017/06/18 15:17:57 791] isr        1547 ASR_MSG_AUW,   cloud  
[2017/06/18 15:17:57 791] isr        1559 6400  2  
[2017/06/18 15:17:57 991] isr        1547 ASR_MSG_AUW,   cloud  
[2017/06/18 15:17:57 991] isr        1559 6400  2  
[2017/06/18 15:17:58 192] isr        1547 ASR_MSG_AUW,   cloud  
[2017/06/18 15:17:58 192] isr        1559 6400  2  
[2017/06/18 15:17:58 251] isr        662  cloud_rslt_cb status =   0  
[2017/06/18 15:17:58 251] isr        641  process_result call:  cloud  udata(ac035708) 0  nil  
[2017/06/18 15:17:58 392] isr        1547 ASR_MSG_AUW,   cloud  
[2017/06/18 15:17:58 392] isr        1559 7420  2  
[2017/06/18 15:17:58 593] isr        1547 ASR_MSG_AUW,   cloud  
[2017/06/18 15:17:58 593] isr        1559 0  4  
[2017/06/18 15:17:58 593] isr        1592 aud end, USER  
[2017/06/18 15:17:58 593] isr        1636 ASR_MSG_GRSLT,   cloud  
[2017/06/18 15:17:58 593] isr        1335 0  udata(ac035708) 0  
[2017/06/18 15:17:58 594] isr        854  [aud] speech end  
[2017/06/18 15:17:58 594] isr        798  3  msc  
[2017/06/18 15:17:58 638] isr        700  cloud_status_cb, eps:  3  
[2017/06/18 15:17:58 638] isr        798  3  cloud  
[2017/06/18 15:17:58 638] isr        800  already speech end  
[2017/06/18 15:17:58 641] isr        662  cloud_rslt_cb status =   5  
[2017/06/18 15:17:58 642] isr        641  process_result call:  cloud  udata(ac036bd8) 5  nil  
[2017/06/18 15:17:58 642] isr        798  3  msc  
[2017/06/18 15:17:58 642] isr        800  already speech end  
[2017/06/18 15:17:58 744] isr        1636 ASR_MSG_GRSLT,   cloud  
[2017/06/18 15:17:58 744] isr        1335 0  udata(ac036bd8) 5  
[2017/06/18 15:17:58 895] isr        1639 ASR_MSG_SSE,   cloud  
[2017/06/18 15:17:58 895] isr        1356 session_end() [in]  
[2017/06/18 15:17:58 895] isr        1421 cloud_session_end() [in]  
[2017/06/18 15:17:58 898] isr        1488 ns_host=  open.xf-yun.com  
[2017/06/18 15:17:58 898] isr        1498 tick()mod=  13616843  
[2017/06/18 15:17:58 898] isr        1499 tick()=  13616843  
[2017/06/18 15:17:58 898] isr        1501 diff=  4771  
[2017/06/18 15:17:58 898] isr        1514 cloud_session_end() [out]  
[2017/06/18 15:17:58 898] isr        1667 isr unload!  
============================================================
Time  2017/06/18 15:18:05 010 
============================================================
[2017/06/18 15:18:05 010] isr        1659 isr loaded!  
[2017/06/18 15:18:05 010] isr        1642 SYS_MSG_REGCB param0 =   msp_status_cb  param1 =   func(4402cb20) 
[2017/06/18 15:18:05 010] isr        1537 ASR_MSG_SSB  
[2017/06/18 15:18:05 010] isr        1066 session_begin() [in], params:   sub = iat, domain = iat, language = zh_cn, accent = mandarin, sample_rate = 16000, result_type = plain, result_encoding = utf8  nil  
[2017/06/18 15:18:05 010] isr        927  vad_set [in]  
[2017/06/18 15:18:05 010] isr        962  vad_enable :  true  
[2017/06/18 15:18:05 011] isr        980  vad_bos :  10000  
[2017/06/18 15:18:05 011] isr        981  vad_eos :  2000  
[2017/06/18 15:18:05 011] isr        886  enable_vad [in]  
[2017/06/18 15:18:05 012] isr        918  vad enabled!  2000  10000  
[2017/06/18 15:18:05 012] isr        921  enable_vad [out]  
[2017/06/18 15:18:05 012] isr        987  vad_set [out] | ret =  0  
[2017/06/18 15:18:05 012] isr        1187 cur_engine_type =   cloud  
[2017/06/18 15:18:05 012] isr        1001 cloud_session_begin  
[2017/06/18 15:18:05 012] isr        1013 standard  
[2017/06/18 15:18:05 016] isr        1547 ASR_MSG_AUW,   cloud  
[2017/06/18 15:18:05 016] isr        1559 6400  1  
[2017/06/18 15:18:05 016] isr        1569 once_bytes:   6400  
[2017/06/18 15:18:05 019] isr        851  [aud] speech start  
[2017/06/18 15:18:05 019] isr        798  1  msc  
[2017/06/18 15:18:05 216] isr        1547 ASR_MSG_AUW,   cloud  
[2017/06/18 15:18:05 216] isr        1559 6400  2  
[2017/06/18 15:18:05 417] isr        1547 ASR_MSG_AUW,   cloud  
[2017/06/18 15:18:05 417] isr        1559 6400  2  
[2017/06/18 15:18:05 617] isr        1547 ASR_MSG_AUW,   cloud  
[2017/06/18 15:18:05 617] isr        1559 6400  2  
[2017/06/18 15:18:05 818] isr        1547 ASR_MSG_AUW,   cloud  
[2017/06/18 15:18:05 818] isr        1559 6400  2  
[2017/06/18 15:18:06 018] isr        1547 ASR_MSG_AUW,   cloud  
[2017/06/18 15:18:06 018] isr        1559 6400  2  
[2017/06/18 15:18:06 219] isr        1547 ASR_MSG_AUW,   cloud  
[2017/06/18 15:18:06 219] isr        1559 6400  2  
[2017/06/18 15:18:06 419] isr        1547 ASR_MSG_AUW,   cloud  
[2017/06/18 15:18:06 419] isr        1559 6400  2  
[2017/06/18 15:18:06 620] isr        1547 ASR_MSG_AUW,   cloud  
[2017/06/18 15:18:06 620] isr        1559 6400  2  
[2017/06/18 15:18:06 820] isr        1547 ASR_MSG_AUW,   cloud  
[2017/06/18 15:18:06 820] isr        1559 6400  2  
[2017/06/18 15:18:07 020] isr        1547 ASR_MSG_AUW,   cloud  
[2017/06/18 15:18:07 021] isr        1559 6400  2  
[2017/06/18 15:18:07 218] isr        700  cloud_status_cb, eps:  1  
[2017/06/18 15:18:07 218] isr        798  1  cloud  
[2017/06/18 15:18:07 218] isr        813  cloud eps ignored  
[2017/06/18 15:18:07 221] isr        1547 ASR_MSG_AUW,   cloud  
[2017/06/18 15:18:07 221] isr        1559 6400  2  
[2017/06/18 15:18:07 421] isr        1547 ASR_MSG_AUW,   cloud  
[2017/06/18 15:18:07 422] isr        1559 6400  2  
[2017/06/18 15:18:07 622] isr        1547 ASR_MSG_AUW,   cloud  
[2017/06/18 15:18:07 622] isr        1559 6400  2  
[2017/06/18 15:18:07 822] isr        1547 ASR_MSG_AUW,   cloud  
[2017/06/18 15:18:07 822] isr        1559 6400  2  
[2017/06/18 15:18:08 023] isr        1547 ASR_MSG_AUW,   cloud  
[2017/06/18 15:18:08 023] isr        1559 6400  2  
[2017/06/18 15:18:08 223] isr        1547 ASR_MSG_AUW,   cloud  
[2017/06/18 15:18:08 223] isr        1559 6400  2  
[2017/06/18 15:18:08 423] isr        1547 ASR_MSG_AUW,   cloud  
[2017/06/18 15:18:08 423] isr        1559 6400  2  
[2017/06/18 15:18:08 624] isr        1547 ASR_MSG_AUW,   cloud  
[2017/06/18 15:18:08 624] isr        1559 6400  2  
[2017/06/18 15:18:08 824] isr        1547 ASR_MSG_AUW,   cloud  
[2017/06/18 15:18:08 824] isr        1559 6400  2  
[2017/06/18 15:18:09 025] isr        1547 ASR_MSG_AUW,   cloud  
[2017/06/18 15:18:09 025] isr        1559 6400  2  
[2017/06/18 15:18:09 225] isr        1547 ASR_MSG_AUW,   cloud  
[2017/06/18 15:18:09 225] isr        1559 6400  2  
[2017/06/18 15:18:09 279] isr        662  cloud_rslt_cb status =   0  
[2017/06/18 15:18:09 279] isr        641  process_result call:  cloud  udata(44035888) 0  nil  
[2017/06/18 15:18:09 426] isr        1547 ASR_MSG_AUW,   cloud  
[2017/06/18 15:18:09 426] isr        1559 7420  2  
[2017/06/18 15:18:09 626] isr        1547 ASR_MSG_AUW,   cloud  
[2017/06/18 15:18:09 626] isr        1559 0  4  
[2017/06/18 15:18:09 626] isr        1592 aud end, USER  
[2017/06/18 15:18:09 626] isr        1636 ASR_MSG_GRSLT,   cloud  
[2017/06/18 15:18:09 626] isr        1335 0  udata(44035888) 0  
[2017/06/18 15:18:09 627] isr        854  [aud] speech end  
[2017/06/18 15:18:09 627] isr        798  3  msc  
[2017/06/18 15:18:09 676] isr        700  cloud_status_cb, eps:  3  
[2017/06/18 15:18:09 676] isr        798  3  cloud  
[2017/06/18 15:18:09 676] isr        800  already speech end  
[2017/06/18 15:18:09 679] isr        662  cloud_rslt_cb status =   5  
[2017/06/18 15:18:09 679] isr        641  process_result call:  cloud  udata(4404dff8) 5  nil  
[2017/06/18 15:18:09 679] isr        798  3  msc  
[2017/06/18 15:18:09 679] isr        800  already speech end  
[2017/06/18 15:18:09 778] isr        1636 ASR_MSG_GRSLT,   cloud  
[2017/06/18 15:18:09 778] isr        1335 0  udata(4404dff8) 5  
[2017/06/18 15:18:09 928] isr        1639 ASR_MSG_SSE,   cloud  
[2017/06/18 15:18:09 929] isr        1356 session_end() [in]  
[2017/06/18 15:18:09 929] isr        1421 cloud_session_end() [in]  
[2017/06/18 15:18:09 930] isr        1488 ns_host=  open.xf-yun.com  
[2017/06/18 15:18:09 930] isr        1498 tick()mod=  13627876  
[2017/06/18 15:18:09 930] isr        1499 tick()=  13627876  
[2017/06/18 15:18:09 930] isr        1501 diff=  2743  
[2017/06/18 15:18:09 931] isr        1514 cloud_session_end() [out]  
[2017/06/18 15:18:09 931] isr        1667 isr unload!  
============================================================
Time  2017/06/18 15:19:27 721 
============================================================
[2017/06/18 15:19:27 721] isr        1659 isr loaded!  
[2017/06/18 15:19:27 721] isr        1642 SYS_MSG_REGCB param0 =   msp_status_cb  param1 =   func(9c02cb10) 
[2017/06/18 15:19:27 721] isr        1537 ASR_MSG_SSB  
[2017/06/18 15:19:27 721] isr        1066 session_begin() [in], params:   sub = iat, domain = iat, language = zh_cn, accent = mandarin, sample_rate = 16000, result_type = plain, result_encoding = utf8  nil  
[2017/06/18 15:19:27 722] isr        927  vad_set [in]  
[2017/06/18 15:19:27 722] isr        962  vad_enable :  true  
[2017/06/18 15:19:27 722] isr        980  vad_bos :  10000  
[2017/06/18 15:19:27 722] isr        981  vad_eos :  2000  
[2017/06/18 15:19:27 722] isr        886  enable_vad [in]  
[2017/06/18 15:19:27 723] isr        918  vad enabled!  2000  10000  
[2017/06/18 15:19:27 723] isr        921  enable_vad [out]  
[2017/06/18 15:19:27 723] isr        987  vad_set [out] | ret =  0  
[2017/06/18 15:19:27 723] isr        1187 cur_engine_type =   cloud  
[2017/06/18 15:19:27 723] isr        1001 cloud_session_begin  
[2017/06/18 15:19:27 723] isr        1013 standard  
[2017/06/18 15:19:27 727] isr        1547 ASR_MSG_AUW,   cloud  
[2017/06/18 15:19:27 727] isr        1559 6400  1  
[2017/06/18 15:19:27 727] isr        1569 once_bytes:   6400  
[2017/06/18 15:19:27 733] isr        851  [aud] speech start  
[2017/06/18 15:19:27 733] isr        798  1  msc  
[2017/06/18 15:19:27 927] isr        1547 ASR_MSG_AUW,   cloud  
[2017/06/18 15:19:27 927] isr        1559 6400  2  
[2017/06/18 15:19:27 980] isr        700  cloud_status_cb, eps:  1  
[2017/06/18 15:19:27 980] isr        798  1  cloud  
[2017/06/18 15:19:27 980] isr        813  cloud eps ignored  
[2017/06/18 15:19:28 127] isr        1547 ASR_MSG_AUW,   cloud  
[2017/06/18 15:19:28 128] isr        1559 6400  2  
[2017/06/18 15:19:28 328] isr        1547 ASR_MSG_AUW,   cloud  
[2017/06/18 15:19:28 328] isr        1559 6400  2  
[2017/06/18 15:19:28 528] isr        1547 ASR_MSG_AUW,   cloud  
[2017/06/18 15:19:28 528] isr        1559 6400  2  
[2017/06/18 15:19:28 729] isr        1547 ASR_MSG_AUW,   cloud  
[2017/06/18 15:19:28 729] isr        1559 6400  2  
[2017/06/18 15:19:28 929] isr        1547 ASR_MSG_AUW,   cloud  
[2017/06/18 15:19:28 929] isr        1559 6400  2  
[2017/06/18 15:19:29 134] isr        1547 ASR_MSG_AUW,   cloud  
[2017/06/18 15:19:29 134] isr        1559 6400  2  
[2017/06/18 15:19:29 335] isr        1547 ASR_MSG_AUW,   cloud  
[2017/06/18 15:19:29 335] isr        1559 6400  2  
[2017/06/18 15:19:29 535] isr        1547 ASR_MSG_AUW,   cloud  
[2017/06/18 15:19:29 535] isr        1559 6400  2  
[2017/06/18 15:19:29 736] isr        1547 ASR_MSG_AUW,   cloud  
[2017/06/18 15:19:29 736] isr        1559 6400  2  
[2017/06/18 15:19:29 936] isr        1547 ASR_MSG_AUW,   cloud  
[2017/06/18 15:19:29 936] isr        1559 6400  2  
[2017/06/18 15:19:30 136] isr        1547 ASR_MSG_AUW,   cloud  
[2017/06/18 15:19:30 136] isr        1559 6400  2  
[2017/06/18 15:19:30 337] isr        1547 ASR_MSG_AUW,   cloud  
[2017/06/18 15:19:30 337] isr        1559 6400  2  
[2017/06/18 15:19:30 537] isr        1547 ASR_MSG_AUW,   cloud  
[2017/06/18 15:19:30 537] isr        1559 6400  2  
[2017/06/18 15:19:30 738] isr        1547 ASR_MSG_AUW,   cloud  
[2017/06/18 15:19:30 738] isr        1559 6400  2  
[2017/06/18 15:19:30 938] isr        1547 ASR_MSG_AUW,   cloud  
[2017/06/18 15:19:30 938] isr        1559 6400  2  
[2017/06/18 15:19:31 139] isr        1547 ASR_MSG_AUW,   cloud  
[2017/06/18 15:19:31 139] isr        1559 6400  2  
[2017/06/18 15:19:31 339] isr        1547 ASR_MSG_AUW,   cloud  
[2017/06/18 15:19:31 339] isr        1559 6400  2  
[2017/06/18 15:19:31 540] isr        1547 ASR_MSG_AUW,   cloud  
[2017/06/18 15:19:31 540] isr        1559 6400  2  
[2017/06/18 15:19:31 740] isr        1547 ASR_MSG_AUW,   cloud  
[2017/06/18 15:19:31 740] isr        1559 6400  2  
[2017/06/18 15:19:31 940] isr        1547 ASR_MSG_AUW,   cloud  
[2017/06/18 15:19:31 940] isr        1559 6400  2  
[2017/06/18 15:19:31 993] isr        662  cloud_rslt_cb status =   0  
[2017/06/18 15:19:31 993] isr        641  process_result call:  cloud  udata(9c036718) 0  nil  
[2017/06/18 15:19:32 141] isr        1547 ASR_MSG_AUW,   cloud  
[2017/06/18 15:19:32 141] isr        1559 7420  2  
[2017/06/18 15:19:32 341] isr        1547 ASR_MSG_AUW,   cloud  
[2017/06/18 15:19:32 342] isr        1559 0  4  
[2017/06/18 15:19:32 342] isr        1592 aud end, USER  
[2017/06/18 15:19:32 343] isr        854  [aud] speech end  
[2017/06/18 15:19:32 343] isr        798  3  msc  
[2017/06/18 15:19:32 343] isr        1636 ASR_MSG_GRSLT,   cloud  
[2017/06/18 15:19:32 343] isr        1335 0  udata(9c036718) 0  
[2017/06/18 15:19:32 390] isr        700  cloud_status_cb, eps:  3  
[2017/06/18 15:19:32 391] isr        798  3  cloud  
[2017/06/18 15:19:32 391] isr        800  already speech end  
[2017/06/18 15:19:32 394] isr        662  cloud_rslt_cb status =   5  
[2017/06/18 15:19:32 394] isr        641  process_result call:  cloud  udata(9c036f18) 5  nil  
[2017/06/18 15:19:32 394] isr        798  3  msc  
[2017/06/18 15:19:32 394] isr        800  already speech end  
[2017/06/18 15:19:32 494] isr        1636 ASR_MSG_GRSLT,   cloud  
[2017/06/18 15:19:32 494] isr        1335 0  udata(9c036f18) 5  
[2017/06/18 15:19:32 645] isr        1639 ASR_MSG_SSE,   cloud  
[2017/06/18 15:19:32 645] isr        1356 session_end() [in]  
[2017/06/18 15:19:32 645] isr        1421 cloud_session_end() [in]  
[2017/06/18 15:19:32 646] isr        1488 ns_host=  open.xf-yun.com  
[2017/06/18 15:19:32 647] isr        1498 tick()mod=  13710592  
[2017/06/18 15:19:32 647] isr        1499 tick()=  13710592  
[2017/06/18 15:19:32 647] isr        1501 diff=  4802  
[2017/06/18 15:19:32 647] isr        1514 cloud_session_end() [out]  
[2017/06/18 15:19:32 648] isr        1667 isr unload!  
============================================================
Time  2017/06/18 15:22:22 994 
============================================================
[2017/06/18 15:22:22 994] isr        1659 isr loaded!  
[2017/06/18 15:22:22 994] isr        1642 SYS_MSG_REGCB param0 =   msp_status_cb  param1 =   func(6002cb80) 
[2017/06/18 15:22:22 994] isr        1537 ASR_MSG_SSB  
[2017/06/18 15:22:22 994] isr        1066 session_begin() [in], params:   sub = iat, domain = iat, language = zh_cn, accent = mandarin, sample_rate = 16000, result_type = plain, result_encoding = utf8  nil  
[2017/06/18 15:22:22 995] isr        927  vad_set [in]  
[2017/06/18 15:22:22 995] isr        962  vad_enable :  true  
[2017/06/18 15:22:22 995] isr        980  vad_bos :  10000  
[2017/06/18 15:22:22 995] isr        981  vad_eos :  2000  
[2017/06/18 15:22:22 995] isr        886  enable_vad [in]  
[2017/06/18 15:22:22 996] isr        918  vad enabled!  2000  10000  
[2017/06/18 15:22:22 996] isr        921  enable_vad [out]  
[2017/06/18 15:22:22 996] isr        987  vad_set [out] | ret =  0  
[2017/06/18 15:22:22 997] isr        1187 cur_engine_type =   cloud  
[2017/06/18 15:22:22 997] isr        1001 cloud_session_begin  
[2017/06/18 15:22:22 997] isr        1013 standard  
[2017/06/18 15:22:22 999] isr        1547 ASR_MSG_AUW,   cloud  
[2017/06/18 15:22:23 000] isr        1559 6400  1  
[2017/06/18 15:22:23 000] isr        1569 once_bytes:   6400  
[2017/06/18 15:22:23 001] isr        851  [aud] speech start  
[2017/06/18 15:22:23 001] isr        798  1  msc  
[2017/06/18 15:22:23 200] isr        1547 ASR_MSG_AUW,   cloud  
[2017/06/18 15:22:23 200] isr        1559 6400  2  
[2017/06/18 15:22:23 270] isr        700  cloud_status_cb, eps:  1  
[2017/06/18 15:22:23 270] isr        798  1  cloud  
[2017/06/18 15:22:23 270] isr        813  cloud eps ignored  
[2017/06/18 15:22:23 400] isr        1547 ASR_MSG_AUW,   cloud  
[2017/06/18 15:22:23 400] isr        1559 6400  2  
[2017/06/18 15:22:23 601] isr        1547 ASR_MSG_AUW,   cloud  
[2017/06/18 15:22:23 601] isr        1559 6400  2  
[2017/06/18 15:22:23 801] isr        1547 ASR_MSG_AUW,   cloud  
[2017/06/18 15:22:23 801] isr        1559 6400  2  
[2017/06/18 15:22:24 002] isr        1547 ASR_MSG_AUW,   cloud  
[2017/06/18 15:22:24 002] isr        1559 6400  2  
[2017/06/18 15:22:24 202] isr        1547 ASR_MSG_AUW,   cloud  
[2017/06/18 15:22:24 202] isr        1559 6400  2  
[2017/06/18 15:22:24 402] isr        1547 ASR_MSG_AUW,   cloud  
[2017/06/18 15:22:24 402] isr        1559 6400  2  
[2017/06/18 15:22:24 603] isr        1547 ASR_MSG_AUW,   cloud  
[2017/06/18 15:22:24 603] isr        1559 6400  2  
[2017/06/18 15:22:24 803] isr        1547 ASR_MSG_AUW,   cloud  
[2017/06/18 15:22:24 803] isr        1559 6400  2  
[2017/06/18 15:22:25 003] isr        1547 ASR_MSG_AUW,   cloud  
[2017/06/18 15:22:25 004] isr        1559 6400  2  
[2017/06/18 15:22:25 204] isr        1547 ASR_MSG_AUW,   cloud  
[2017/06/18 15:22:25 204] isr        1559 6400  2  
[2017/06/18 15:22:25 404] isr        1547 ASR_MSG_AUW,   cloud  
[2017/06/18 15:22:25 404] isr        1559 6400  2  
[2017/06/18 15:22:25 605] isr        1547 ASR_MSG_AUW,   cloud  
[2017/06/18 15:22:25 605] isr        1559 6400  2  
[2017/06/18 15:22:25 805] isr        1547 ASR_MSG_AUW,   cloud  
[2017/06/18 15:22:25 805] isr        1559 6400  2  
[2017/06/18 15:22:26 006] isr        1547 ASR_MSG_AUW,   cloud  
[2017/06/18 15:22:26 006] isr        1559 6400  2  
[2017/06/18 15:22:26 206] isr        1547 ASR_MSG_AUW,   cloud  
[2017/06/18 15:22:26 206] isr        1559 6400  2  
[2017/06/18 15:22:26 407] isr        1547 ASR_MSG_AUW,   cloud  
[2017/06/18 15:22:26 407] isr        1559 6400  2  
[2017/06/18 15:22:26 607] isr        1547 ASR_MSG_AUW,   cloud  
[2017/06/18 15:22:26 607] isr        1559 6400  2  
[2017/06/18 15:22:26 808] isr        1547 ASR_MSG_AUW,   cloud  
[2017/06/18 15:22:26 808] isr        1559 6400  2  
[2017/06/18 15:22:27 008] isr        1547 ASR_MSG_AUW,   cloud  
[2017/06/18 15:22:27 008] isr        1559 11442  2  
[2017/06/18 15:22:27 209] isr        1547 ASR_MSG_AUW,   cloud  
[2017/06/18 15:22:27 209] isr        1559 0  4  
[2017/06/18 15:22:27 209] isr        1592 aud end, USER  
[2017/06/18 15:22:27 211] isr        854  [aud] speech end  
[2017/06/18 15:22:27 211] isr        798  3  msc  
[2017/06/18 15:22:27 212] isr        1636 ASR_MSG_GRSLT,   cloud  
[2017/06/18 15:22:27 212] isr        1335 0  nil  2  
[2017/06/18 15:22:27 360] isr        700  cloud_status_cb, eps:  3  
[2017/06/18 15:22:27 361] isr        798  3  cloud  
[2017/06/18 15:22:27 361] isr        800  already speech end  
[2017/06/18 15:22:27 361] isr        662  cloud_rslt_cb status =   0  
[2017/06/18 15:22:27 362] isr        641  process_result call:  cloud  udata(60034f18) 0  nil  
[2017/06/18 15:22:27 362] isr        1636 ASR_MSG_GRSLT,   cloud  
[2017/06/18 15:22:27 362] isr        1335 0  udata(60034f18) 0  
[2017/06/18 15:22:27 374] isr        662  cloud_rslt_cb status =   5  
[2017/06/18 15:22:27 374] isr        641  process_result call:  cloud  udata(60034fb8) 5  nil  
[2017/06/18 15:22:27 375] isr        798  3  msc  
[2017/06/18 15:22:27 375] isr        800  already speech end  
[2017/06/18 15:22:27 513] isr        1636 ASR_MSG_GRSLT,   cloud  
[2017/06/18 15:22:27 513] isr        1335 0  udata(60034fb8) 5  
[2017/06/18 15:22:27 664] isr        1639 ASR_MSG_SSE,   cloud  
[2017/06/18 15:22:27 664] isr        1356 session_end() [in]  
[2017/06/18 15:22:27 664] isr        1421 cloud_session_end() [in]  
[2017/06/18 15:22:27 665] isr        1488 ns_host=  open.xf-yun.com  
[2017/06/18 15:22:27 670] isr        1498 tick()mod=  13885615  
[2017/06/18 15:22:27 670] isr        1499 tick()=  13885616  
[2017/06/18 15:22:27 670] isr        1501 diff=  4424  
[2017/06/18 15:22:27 670] isr        1514 cloud_session_end() [out]  
[2017/06/18 15:22:27 670] isr        1667 isr unload!  
